2020-07-14 15:07:24 INFO  TestBase:112 - loading config.properties
2020-07-14 15:07:24 INFO  TestBase:117 - loading or.properties
2020-07-14 15:07:28 INFO  HomePageTest:31 - TestFrameworkWP.homePage.HomePageTest started
2020-07-14 15:07:28 INFO  HomePageTest:34 - https://www.westpac.co.nz started for testWebsiteNavigation
2020-07-14 15:07:28 INFO  HomePageTest:35 - Testing Scenario : Given User Clicks information icon besides Current age the message “This calculator has an age
limit of 64 years old as you need to be under the age of 65 to join KiwiSaver.” is displayed below
the current age field.
2020-07-14 15:07:36 INFO  HomePageTest:58 - Message verified : This calculator has an age limit of 18 to 64 years old.
2020-07-14 15:07:37 INFO  HomePageTest:101 - https://www.westpac.co.nz started for GetKiwiSaverHighRiskBalance
2020-07-14 15:07:37 INFO  HomePageTest:102 - Testing Scenario : User whose Current age is 30 is Employed @ a Salary 82000 p/a and contributes to
KiwiSaver @ 4% has a PIR 17.5% and chooses a high risk profile is able to calculate his
projected balances at retirement.
2020-07-14 15:07:42 INFO  HomePageTest:127 -  Viewing KiwiSaverProjections 
2020-07-14 15:07:43 INFO  HomePageTest:140 - https://www.westpac.co.nz started for GetKiwiSaverMediumRiskAged45Balance
2020-07-14 15:07:43 INFO  HomePageTest:141 - Testing Scenario :User whose current aged 45 is Self-employed, has a PIR 10.5%, current KiwiSaver
balance is $100000, voluntary contributes $90 fortnightly and chooses medium risk
profile with saving goals requirement of $290000 is able to calculate his projected
balances at retirement.
2020-07-14 15:07:49 INFO  HomePageTest:172 -  Input Savings goal 290000 
2020-07-14 15:07:49 INFO  HomePageTest:176 -  Viewing KiwiSaverProjections 
2020-07-14 15:07:50 INFO  HomePageTest:190 - https://www.westpac.co.nz started for GetKiwiSaverMediumRiskAged55Balance
2020-07-14 15:07:50 INFO  HomePageTest:191 - Testing Scenario :User whose current aged 55 is not employed, has a PIR 10.5%, current KiwiSaver balance
is $140000, voluntary contributes $10 annually and chooses medium risk profile with
saving goals requirement of $200000 is able to calculate his projected balances at
retirement.
2020-07-14 15:07:55 INFO  HomePageTest:223 -  Input Savings goal 200000 
2020-07-14 15:07:55 INFO  HomePageTest:225 -  Viewing KiwiSaverProjections 
2020-07-14 15:07:56 INFO  HomePageTest:70 - https://www.westpac.co.nz started for testOpeningRetirementCalculatorPage
2020-07-14 15:07:56 INFO  HomePageTest:71 - Testing Scenario : User can successfuly navigate around : Navigation Flow KiwiSaver &gt; KiwiSaver Calculators &gt; Click here to get started button
under (Westpac KiwiSaver Scheme Retirement Calculator)
2020-07-14 15:07:58 INFO  HomePageTest:85 -  verified :Opening Retirement Calculator Page 
